
Sep 11, 2021 23:53:44.937 NEW SESSION
Sep 11, 2021 23:53:44.937 [10588:11072:0911/235344.936:ERROR:device_event_log_impl.cc(214)] [23:53:44.936] USB: usb_device_handle_win.cc:1048 Failed to read descriptor from node connection: A device attached to the system is not functioning. (0x1F)

Sep 12, 2021 24:06:31.645 NEW SESSION
Sep 12, 2021 24:06:31.645 [8120:10532:0912/000631.644:ERROR:device_event_log_impl.cc(214)] [00:06:31.644] USB: usb_device_handle_win.cc:1048 Failed to read descriptor from node connection: A device attached to the system is not functioning. (0x1F)

Sep 13, 2021 24:31:20.511 NEW SESSION
Sep 13, 2021 24:31:20.511 [8068:9376:0913/003120.508:ERROR:device_event_log_impl.cc(214)] [00:31:20.508] USB: usb_device_handle_win.cc:1048 Failed to read descriptor from node connection: A device attached to the system is not functioning. (0x1F)
Sep 13, 2021 24:38:07.588 [8068:5912:0913/003807.588:ERROR:connection_factory_impl.cc(429)] Failed to connect to MCS endpoint with error -105
Sep 13, 2021 24:55:39.185 [8068:9376:0913/005539.185:ERROR:print_preview_handler.cc(868)] Initiated PrintPreviewHandler::HandleGetInitialSettings()
Sep 13, 2021 24:55:39.208 [8068:9376:0913/005539.208:ERROR:print_preview_handler.cc(557)] Initiated PrintPreviewHandler::HandleGetPrinters()
Sep 13, 2021 24:55:39.224 [8068:9376:0913/005539.223:ERROR:print_preview_handler.cc(590)] Initiated PrintPreviewHandler::HandleGetPrinterCapabilities()
Sep 13, 2021 24:55:39.349 [8068:9376:0913/005539.348:ERROR:print_preview_handler.cc(622)] Initiated PrintPreviewHandler::HandleGetPreview()
Sep 13, 2021 04:02:58.36 [5568:8168:0913/040258.036:ERROR:device_event_log_impl.cc(214)] [04:02:58.036] USB: usb_device_handle_win.cc:1048 Failed to read descriptor from node connection: A device attached to the system is not functioning. (0x1F)

Sep 13, 2021 04:13:18.291 NEW SESSION
Sep 13, 2021 04:13:18.291 [11968:9788:0913/041318.289:ERROR:device_event_log_impl.cc(214)] [04:13:18.290] USB: usb_device_handle_win.cc:1048 Failed to read descriptor from node connection: A device attached to the system is not functioning. (0x1F)

Sep 13, 2021 04:15:20.862 NEW SESSION
Sep 13, 2021 04:15:20.862 [11628:8912:0913/041520.860:ERROR:device_event_log_impl.cc(214)] [04:15:20.860] USB: usb_device_handle_win.cc:1048 Failed to read descriptor from node connection: A device attached to the system is not functioning. (0x1F)

Sep 15, 2021 24:58:00.705 NEW SESSION
Sep 15, 2021 24:58:00.705 [8572:13220:0915/005800.703:ERROR:device_event_log_impl.cc(214)] [00:58:00.703] USB: usb_device_handle_win.cc:1048 Failed to read descriptor from node connection: A device attached to the system is not functioning. (0x1F)
Sep 15, 2021 01:05:53.10 [12140:7296:0915/010553.010:ERROR:device_event_log_impl.cc(214)] [01:05:53.010] USB: usb_device_handle_win.cc:1048 Failed to read descriptor from node connection: A device attached to the system is not functioning. (0x1F)
Sep 15, 2021 01:06:27.328 [272:11272:0915/010627.328:ERROR:device_event_log_impl.cc(214)] [01:06:27.328] USB: usb_device_handle_win.cc:1048 Failed to read descriptor from node connection: A device attached to the system is not functioning. (0x1F)
Sep 15, 2021 01:11:23.322 [11308:11260:0915/011123.322:ERROR:device_event_log_impl.cc(214)] [01:11:23.322] USB: usb_device_handle_win.cc:1048 Failed to read descriptor from node connection: A device attached to the system is not functioning. (0x1F)

Sep 15, 2021 10:32:33.848 NEW SESSION
Sep 15, 2021 10:32:33.848 [11404:10036:0915/103233.846:ERROR:device_event_log_impl.cc(214)] [10:32:33.846] USB: usb_device_handle_win.cc:1048 Failed to read descriptor from node connection: A device attached to the system is not functioning. (0x1F)
Sep 15, 2021 11:47:32.221 [11404:10036:0915/114732.220:ERROR:device_event_log_impl.cc(214)] [11:47:32.221] USB: usb_service_win.cc:258 Failed to get device driver name: Element not found. (0x490)

Sep 15, 2021 17:49:44.912 NEW SESSION
Sep 15, 2021 17:49:44.912 [3204:3612:0915/174944.910:ERROR:device_event_log_impl.cc(214)] [17:49:44.910] USB: usb_device_handle_win.cc:1048 Failed to read descriptor from node connection: A device attached to the system is not functioning. (0x1F)
Sep 15, 2021 19:58:52.611 [3204:12352:0915/195852.611:ERROR:database.cc(1674)] Passwords SQLite error: code 2067 errno 0: UNIQUE constraint failed: logins.origin_url, logins.username_element, logins.username_value, logins.password_element, logins.signon_realm sql: INSERT INTO logins (origin_url, action_url, username_element, username_value, password_element, password_value, submit_element, signon_realm, date_created, blacklisted_by_user, scheme, password_type, times_used, form_data, date_synced, display_name, icon_url, federation_url, skip_zero_click, generation_upload_status, possible_username_pairs, id, date_last_used, moving_blocked_for) VALUES (?,?,?,?,?,?,?,?,?,?,?,?,?,?,?,?,?,?,?,?,?,?,?,?)
Sep 15, 2021 20:09:15.88 [3204:10932:0915/200915.088:ERROR:database.cc(1674)] Passwords SQLite error: code 2067 errno 0: UNIQUE constraint failed: logins.origin_url, logins.username_element, logins.username_value, logins.password_element, logins.signon_realm sql: INSERT INTO logins (origin_url, action_url, username_element, username_value, password_element, password_value, submit_element, signon_realm, date_created, blacklisted_by_user, scheme, password_type, times_used, form_data, date_synced, display_name, icon_url, federation_url, skip_zero_click, generation_upload_status, possible_username_pairs, id, date_last_used, moving_blocked_for) VALUES (?,?,?,?,?,?,?,?,?,?,?,?,?,?,?,?,?,?,?,?,?,?,?,?)
Sep 15, 2021 20:10:20.901 [3204:6180:0915/201020.896:ERROR:database.cc(1674)] Passwords SQLite error: code 2067 errno 0: UNIQUE constraint failed: logins.origin_url, logins.username_element, logins.username_value, logins.password_element, logins.signon_realm sql: INSERT INTO logins (origin_url, action_url, username_element, username_value, password_element, password_value, submit_element, signon_realm, date_created, blacklisted_by_user, scheme, password_type, times_used, form_data, date_synced, display_name, icon_url, federation_url, skip_zero_click, generation_upload_status, possible_username_pairs, id, date_last_used, moving_blocked_for) VALUES (?,?,?,?,?,?,?,?,?,?,?,?,?,?,?,?,?,?,?,?,?,?,?,?)
Sep 15, 2021 20:23:13.463 [3204:13840:0915/202313.463:ERROR:database.cc(1674)] Passwords SQLite error: code 2067 errno 0: UNIQUE constraint failed: logins.origin_url, logins.username_element, logins.username_value, logins.password_element, logins.signon_realm sql: INSERT INTO logins (origin_url, action_url, username_element, username_value, password_element, password_value, submit_element, signon_realm, date_created, blacklisted_by_user, scheme, password_type, times_used, form_data, date_synced, display_name, icon_url, federation_url, skip_zero_click, generation_upload_status, possible_username_pairs, id, date_last_used, moving_blocked_for) VALUES (?,?,?,?,?,?,?,?,?,?,?,?,?,?,?,?,?,?,?,?,?,?,?,?)
Sep 15, 2021 20:32:35.844 [3204:9516:0915/203235.844:ERROR:database.cc(1674)] Passwords SQLite error: code 2067 errno 0: UNIQUE constraint failed: logins.origin_url, logins.username_element, logins.username_value, logins.password_element, logins.signon_realm sql: INSERT INTO logins (origin_url, action_url, username_element, username_value, password_element, password_value, submit_element, signon_realm, date_created, blacklisted_by_user, scheme, password_type, times_used, form_data, date_synced, display_name, icon_url, federation_url, skip_zero_click, generation_upload_status, possible_username_pairs, id, date_last_used, moving_blocked_for) VALUES (?,?,?,?,?,?,?,?,?,?,?,?,?,?,?,?,?,?,?,?,?,?,?,?)
Sep 15, 2021 20:35:56.36 [3204:13236:0915/203556.036:ERROR:database.cc(1674)] Passwords SQLite error: code 2067 errno 0: UNIQUE constraint failed: logins.origin_url, logins.username_element, logins.username_value, logins.password_element, logins.signon_realm sql: INSERT INTO logins (origin_url, action_url, username_element, username_value, password_element, password_value, submit_element, signon_realm, date_created, blacklisted_by_user, scheme, password_type, times_used, form_data, date_synced, display_name, icon_url, federation_url, skip_zero_click, generation_upload_status, possible_username_pairs, id, date_last_used, moving_blocked_for) VALUES (?,?,?,?,?,?,?,?,?,?,?,?,?,?,?,?,?,?,?,?,?,?,?,?)
Sep 15, 2021 20:38:55.170 [3204:9516:0915/203855.170:ERROR:database.cc(1674)] Passwords SQLite error: code 2067 errno 0: UNIQUE constraint failed: logins.origin_url, logins.username_element, logins.username_value, logins.password_element, logins.signon_realm sql: INSERT INTO logins (origin_url, action_url, username_element, username_value, password_element, password_value, submit_element, signon_realm, date_created, blacklisted_by_user, scheme, password_type, times_used, form_data, date_synced, display_name, icon_url, federation_url, skip_zero_click, generation_upload_status, possible_username_pairs, id, date_last_used, moving_blocked_for) VALUES (?,?,?,?,?,?,?,?,?,?,?,?,?,?,?,?,?,?,?,?,?,?,?,?)
Sep 15, 2021 20:39:49.691 [3204:9516:0915/203949.691:ERROR:database.cc(1674)] Passwords SQLite error: code 2067 errno 0: UNIQUE constraint failed: logins.origin_url, logins.username_element, logins.username_value, logins.password_element, logins.signon_realm sql: INSERT INTO logins (origin_url, action_url, username_element, username_value, password_element, password_value, submit_element, signon_realm, date_created, blacklisted_by_user, scheme, password_type, times_used, form_data, date_synced, display_name, icon_url, federation_url, skip_zero_click, generation_upload_status, possible_username_pairs, id, date_last_used, moving_blocked_for) VALUES (?,?,?,?,?,?,?,?,?,?,?,?,?,?,?,?,?,?,?,?,?,?,?,?)

Sep 17, 2021 02:50:57.127 NEW SESSION
Sep 17, 2021 02:50:57.127 [11596:7176:0917/025057.125:ERROR:device_event_log_impl.cc(214)] [02:50:57.125] USB: usb_device_handle_win.cc:1048 Failed to read descriptor from node connection: A device attached to the system is not functioning. (0x1F)
Sep 17, 2021 04:08:37.132 [11596:7176:0917/040837.132:ERROR:device_event_log_impl.cc(214)] [04:08:37.132] USB: usb_service_win.cc:258 Failed to get device driver name: Element not found. (0x490)

Sep 17, 2021 11:54:05.41 NEW SESSION
Sep 17, 2021 11:54:05.41 [8836:8888:0917/115405.039:ERROR:device_event_log_impl.cc(214)] [11:54:05.039] USB: usb_device_handle_win.cc:1048 Failed to read descriptor from node connection: A device attached to the system is not functioning. (0x1F)
Sep 17, 2021 11:58:47.108 [8836:8888:0917/115847.108:ERROR:device_event_log_impl.cc(214)] [11:58:47.107] USB: usb_service_win.cc:258 Failed to get device driver name: Element not found. (0x490)

Sep 17, 2021 22:48:03.51 NEW SESSION
Sep 17, 2021 22:48:03.51 [7944:11124:0917/224803.046:ERROR:device_event_log_impl.cc(214)] [22:48:03.046] USB: usb_device_handle_win.cc:1048 Failed to read descriptor from node connection: A device attached to the system is not functioning. (0x1F)

Sep 18, 2021 11:36:14.918 NEW SESSION
Sep 18, 2021 11:36:14.918 [10856:10368:0918/113614.917:ERROR:device_event_log_impl.cc(214)] [11:36:14.917] USB: usb_device_handle_win.cc:1048 Failed to read descriptor from node connection: A device attached to the system is not functioning. (0x1F)
Sep 18, 2021 12:20:57.52 [10856:10368:0918/122057.051:ERROR:device_event_log_impl.cc(214)] [12:20:57.051] USB: usb_service_win.cc:258 Failed to get device driver name: Element not found. (0x490)

Sep 19, 2021 01:07:37.768 NEW SESSION
Sep 19, 2021 01:07:37.768 [13244:2860:0919/010737.767:ERROR:device_event_log_impl.cc(214)] [01:07:37.766] USB: usb_device_handle_win.cc:1048 Failed to read descriptor from node connection: A device attached to the system is not functioning. (0x1F)
Sep 19, 2021 01:23:13.963 [9356:11136:0919/012313.963:ERROR:device_event_log_impl.cc(214)] [01:23:13.962] USB: usb_device_handle_win.cc:1048 Failed to read descriptor from node connection: A device attached to the system is not functioning. (0x1F)
Sep 19, 2021 01:27:19.930 [9356:968:0919/012719.930:ERROR:database.cc(1674)] Passwords SQLite error: code 2067 errno 0: UNIQUE constraint failed: logins.origin_url, logins.username_element, logins.username_value, logins.password_element, logins.signon_realm sql: INSERT INTO logins (origin_url, action_url, username_element, username_value, password_element, password_value, submit_element, signon_realm, date_created, blacklisted_by_user, scheme, password_type, times_used, form_data, date_synced, display_name, icon_url, federation_url, skip_zero_click, generation_upload_status, possible_username_pairs, id, date_last_used, moving_blocked_for) VALUES (?,?,?,?,?,?,?,?,?,?,?,?,?,?,?,?,?,?,?,?,?,?,?,?)
Sep 19, 2021 01:28:15.898 [9356:968:0919/012815.898:ERROR:database.cc(1674)] Passwords SQLite error: code 2067 errno 0: UNIQUE constraint failed: logins.origin_url, logins.username_element, logins.username_value, logins.password_element, logins.signon_realm sql: INSERT INTO logins (origin_url, action_url, username_element, username_value, password_element, password_value, submit_element, signon_realm, date_created, blacklisted_by_user, scheme, password_type, times_used, form_data, date_synced, display_name, icon_url, federation_url, skip_zero_click, generation_upload_status, possible_username_pairs, id, date_last_used, moving_blocked_for) VALUES (?,?,?,?,?,?,?,?,?,?,?,?,?,?,?,?,?,?,?,?,?,?,?,?)
Sep 19, 2021 01:35:42.634 [9356:7620:0919/013542.633:ERROR:database.cc(1674)] Passwords SQLite error: code 2067 errno 0: UNIQUE constraint failed: logins.origin_url, logins.username_element, logins.username_value, logins.password_element, logins.signon_realm sql: INSERT INTO logins (origin_url, action_url, username_element, username_value, password_element, password_value, submit_element, signon_realm, date_created, blacklisted_by_user, scheme, password_type, times_used, form_data, date_synced, display_name, icon_url, federation_url, skip_zero_click, generation_upload_status, possible_username_pairs, id, date_last_used, moving_blocked_for) VALUES (?,?,?,?,?,?,?,?,?,?,?,?,?,?,?,?,?,?,?,?,?,?,?,?)
Sep 19, 2021 01:44:19.507 [9356:7620:0919/014419.507:ERROR:database.cc(1674)] Passwords SQLite error: code 2067 errno 0: UNIQUE constraint failed: logins.origin_url, logins.username_element, logins.username_value, logins.password_element, logins.signon_realm sql: INSERT INTO logins (origin_url, action_url, username_element, username_value, password_element, password_value, submit_element, signon_realm, date_created, blacklisted_by_user, scheme, password_type, times_used, form_data, date_synced, display_name, icon_url, federation_url, skip_zero_click, generation_upload_status, possible_username_pairs, id, date_last_used, moving_blocked_for) VALUES (?,?,?,?,?,?,?,?,?,?,?,?,?,?,?,?,?,?,?,?,?,?,?,?)
Sep 19, 2021 01:52:49.252 [9356:9880:0919/015249.252:ERROR:database.cc(1674)] Passwords SQLite error: code 2067 errno 0: UNIQUE constraint failed: logins.origin_url, logins.username_element, logins.username_value, logins.password_element, logins.signon_realm sql: INSERT INTO logins (origin_url, action_url, username_element, username_value, password_element, password_value, submit_element, signon_realm, date_created, blacklisted_by_user, scheme, password_type, times_used, form_data, date_synced, display_name, icon_url, federation_url, skip_zero_click, generation_upload_status, possible_username_pairs, id, date_last_used, moving_blocked_for) VALUES (?,?,?,?,?,?,?,?,?,?,?,?,?,?,?,?,?,?,?,?,?,?,?,?)

Sep 25, 2021 04:04:00.565 NEW SESSION
Sep 25, 2021 04:04:00.565 [10076:8008:0925/040400.564:ERROR:device_event_log_impl.cc(214)] [04:04:00.564] USB: usb_device_handle_win.cc:1048 Failed to read descriptor from node connection: A device attached to the system is not functioning. (0x1F)

Sep 25, 2021 10:49:33.85 NEW SESSION
Sep 25, 2021 10:49:33.85 [6196:1160:0925/104933.084:ERROR:device_event_log_impl.cc(214)] [10:49:33.084] USB: usb_device_handle_win.cc:1048 Failed to read descriptor from node connection: A device attached to the system is not functioning. (0x1F)
Sep 25, 2021 10:49:49.355 [6196:5080:0925/104949.355:ERROR:database.cc(1674)] Passwords SQLite error: code 2067 errno 0: UNIQUE constraint failed: logins.origin_url, logins.username_element, logins.username_value, logins.password_element, logins.signon_realm sql: INSERT INTO logins (origin_url, action_url, username_element, username_value, password_element, password_value, submit_element, signon_realm, date_created, blacklisted_by_user, scheme, password_type, times_used, form_data, date_synced, display_name, icon_url, federation_url, skip_zero_click, generation_upload_status, possible_username_pairs, id, date_last_used, moving_blocked_for) VALUES (?,?,?,?,?,?,?,?,?,?,?,?,?,?,?,?,?,?,?,?,?,?,?,?)
Sep 25, 2021 10:50:25.819 [6196:5080:0925/105025.819:ERROR:database.cc(1674)] Passwords SQLite error: code 2067 errno 0: UNIQUE constraint failed: logins.origin_url, logins.username_element, logins.username_value, logins.password_element, logins.signon_realm sql: INSERT INTO logins (origin_url, action_url, username_element, username_value, password_element, password_value, submit_element, signon_realm, date_created, blacklisted_by_user, scheme, password_type, times_used, form_data, date_synced, display_name, icon_url, federation_url, skip_zero_click, generation_upload_status, possible_username_pairs, id, date_last_used, moving_blocked_for) VALUES (?,?,?,?,?,?,?,?,?,?,?,?,?,?,?,?,?,?,?,?,?,?,?,?)
Sep 25, 2021 10:51:31.136 [6196:1160:0925/105131.136:ERROR:print_preview_handler.cc(868)] Initiated PrintPreviewHandler::HandleGetInitialSettings()
Sep 25, 2021 10:51:31.158 [6196:1160:0925/105131.158:ERROR:print_preview_handler.cc(557)] Initiated PrintPreviewHandler::HandleGetPrinters()
Sep 25, 2021 10:51:31.178 [6196:1160:0925/105131.177:ERROR:print_preview_handler.cc(590)] Initiated PrintPreviewHandler::HandleGetPrinterCapabilities()
Sep 25, 2021 10:51:31.340 [6196:1160:0925/105131.340:ERROR:print_preview_handler.cc(622)] Initiated PrintPreviewHandler::HandleGetPreview()
Sep 25, 2021 10:52:16.50 [6196:1160:0925/105216.050:ERROR:device_event_log_impl.cc(214)] [10:52:16.050] USB: usb_service_win.cc:258 Failed to get device driver name: Element not found. (0x490)

Sep 26, 2021 17:51:14.505 NEW SESSION
Sep 26, 2021 17:51:14.505 [2592:10192:0926/175114.504:ERROR:device_event_log_impl.cc(214)] [17:51:14.505] USB: usb_device_handle_win.cc:1048 Failed to read descriptor from node connection: A device attached to the system is not functioning. (0x1F)
Sep 26, 2021 17:51:34.228 [2592:400:0926/175134.227:ERROR:database.cc(1674)] Passwords SQLite error: code 2067 errno 0: UNIQUE constraint failed: logins.origin_url, logins.username_element, logins.username_value, logins.password_element, logins.signon_realm sql: INSERT INTO logins (origin_url, action_url, username_element, username_value, password_element, password_value, submit_element, signon_realm, date_created, blacklisted_by_user, scheme, password_type, times_used, form_data, date_synced, display_name, icon_url, federation_url, skip_zero_click, generation_upload_status, possible_username_pairs, id, date_last_used, moving_blocked_for) VALUES (?,?,?,?,?,?,?,?,?,?,?,?,?,?,?,?,?,?,?,?,?,?,?,?)
Sep 26, 2021 18:17:37.303 [2592:10192:0926/181737.302:ERROR:print_preview_handler.cc(868)] Initiated PrintPreviewHandler::HandleGetInitialSettings()
Sep 26, 2021 18:17:37.326 [2592:10192:0926/181737.326:ERROR:print_preview_handler.cc(557)] Initiated PrintPreviewHandler::HandleGetPrinters()
Sep 26, 2021 18:17:37.346 [2592:10192:0926/181737.346:ERROR:print_preview_handler.cc(590)] Initiated PrintPreviewHandler::HandleGetPrinterCapabilities()
Sep 26, 2021 18:17:37.511 [2592:10192:0926/181737.510:ERROR:print_preview_handler.cc(622)] Initiated PrintPreviewHandler::HandleGetPreview()
Sep 26, 2021 19:10:22.297 [2592:5632:0926/191022.297:ERROR:connection_factory_impl.cc(429)] Failed to connect to MCS endpoint with error -105
Sep 26, 2021 19:14:39.259 [2592:5632:0926/191439.259:ERROR:connection_factory_impl.cc(429)] Failed to connect to MCS endpoint with error -105
Sep 26, 2021 21:31:10.390 [2592:10192:0926/213110.390:ERROR:device_event_log_impl.cc(214)] [21:31:10.390] USB: usb_service_win.cc:258 Failed to get device driver name: Element not found. (0x490)
Sep 26, 2021 21:31:11.396 [2592:5632:0926/213111.396:ERROR:connection_factory_impl.cc(429)] Failed to connect to MCS endpoint with error -105
Sep 26, 2021 21:31:17.279 [2592:5632:0926/213117.279:ERROR:connection_factory_impl.cc(429)] Failed to connect to MCS endpoint with error -105
Sep 26, 2021 23:37:14.928 [2592:5632:0926/233714.928:ERROR:connection_factory_impl.cc(429)] Failed to connect to MCS endpoint with error -105
Sep 26, 2021 23:37:43.918 [2592:5632:0926/233743.918:ERROR:connection_factory_impl.cc(429)] Failed to connect to MCS endpoint with error -105
Sep 26, 2021 23:38:34.417 [2592:5632:0926/233834.416:ERROR:connection_factory_impl.cc(429)] Failed to connect to MCS endpoint with error -105
Sep 26, 2021 23:38:50.238 [2592:5632:0926/233850.238:ERROR:connection_factory_impl.cc(429)] Failed to connect to MCS endpoint with error -105
Sep 26, 2021 23:38:54.363 [2592:5632:0926/233854.363:ERROR:connection_factory_impl.cc(429)] Failed to connect to MCS endpoint with error -105
Sep 26, 2021 23:39:01.285 [2592:5632:0926/233901.285:ERROR:connection_factory_impl.cc(429)] Failed to connect to MCS endpoint with error -105
Sep 26, 2021 23:39:04.280 [2592:5632:0926/233904.280:ERROR:connection_factory_impl.cc(429)] Failed to connect to MCS endpoint with error -105
Sep 26, 2021 23:39:11.998 [2592:5632:0926/233911.998:ERROR:connection_factory_impl.cc(429)] Failed to connect to MCS endpoint with error -105
Sep 26, 2021 23:40:04.247 [2592:5632:0926/234004.247:ERROR:connection_factory_impl.cc(429)] Failed to connect to MCS endpoint with error -105
Sep 26, 2021 23:48:58.787 [2592:5632:0926/234858.787:ERROR:connection_factory_impl.cc(429)] Failed to connect to MCS endpoint with error -105
Sep 26, 2021 23:49:22.275 [2592:10192:0926/234922.274:ERROR:print_preview_handler.cc(868)] Initiated PrintPreviewHandler::HandleGetInitialSettings()
Sep 26, 2021 23:49:22.298 [2592:10192:0926/234922.298:ERROR:print_preview_handler.cc(557)] Initiated PrintPreviewHandler::HandleGetPrinters()
Sep 26, 2021 23:49:22.310 [2592:10192:0926/234922.310:ERROR:print_preview_handler.cc(590)] Initiated PrintPreviewHandler::HandleGetPrinterCapabilities()
Sep 26, 2021 23:49:22.434 [2592:10192:0926/234922.434:ERROR:print_preview_handler.cc(622)] Initiated PrintPreviewHandler::HandleGetPreview()
Sep 27, 2021 01:37:20.73 [2592:10192:0927/013720.073:ERROR:print_preview_handler.cc(868)] Initiated PrintPreviewHandler::HandleGetInitialSettings()
Sep 27, 2021 01:37:20.106 [2592:10192:0927/013720.093:ERROR:print_preview_handler.cc(557)] Initiated PrintPreviewHandler::HandleGetPrinters()
Sep 27, 2021 01:37:20.109 [2592:10192:0927/013720.108:ERROR:print_preview_handler.cc(590)] Initiated PrintPreviewHandler::HandleGetPrinterCapabilities()
Sep 27, 2021 01:37:20.222 [2592:10192:0927/013720.222:ERROR:print_preview_handler.cc(622)] Initiated PrintPreviewHandler::HandleGetPreview()
Sep 27, 2021 01:44:39.249 [2592:10192:0927/014439.249:ERROR:print_preview_handler.cc(868)] Initiated PrintPreviewHandler::HandleGetInitialSettings()
Sep 27, 2021 01:44:39.269 [2592:10192:0927/014439.269:ERROR:print_preview_handler.cc(557)] Initiated PrintPreviewHandler::HandleGetPrinters()
Sep 27, 2021 01:44:39.283 [2592:10192:0927/014439.283:ERROR:print_preview_handler.cc(590)] Initiated PrintPreviewHandler::HandleGetPrinterCapabilities()
Sep 27, 2021 01:44:39.394 [2592:10192:0927/014439.394:ERROR:print_preview_handler.cc(622)] Initiated PrintPreviewHandler::HandleGetPreview()
Sep 27, 2021 02:05:02.654 [2592:10192:0927/020502.654:ERROR:print_preview_handler.cc(868)] Initiated PrintPreviewHandler::HandleGetInitialSettings()
Sep 27, 2021 02:05:02.676 [2592:10192:0927/020502.676:ERROR:print_preview_handler.cc(557)] Initiated PrintPreviewHandler::HandleGetPrinters()
Sep 27, 2021 02:05:02.691 [2592:10192:0927/020502.690:ERROR:print_preview_handler.cc(590)] Initiated PrintPreviewHandler::HandleGetPrinterCapabilities()
Sep 27, 2021 02:05:02.805 [2592:10192:0927/020502.805:ERROR:print_preview_handler.cc(622)] Initiated PrintPreviewHandler::HandleGetPreview()
Sep 27, 2021 02:05:36.482 [2592:10192:0927/020536.482:ERROR:print_preview_handler.cc(868)] Initiated PrintPreviewHandler::HandleGetInitialSettings()
Sep 27, 2021 02:05:36.504 [2592:10192:0927/020536.504:ERROR:print_preview_handler.cc(557)] Initiated PrintPreviewHandler::HandleGetPrinters()
Sep 27, 2021 02:05:36.517 [2592:10192:0927/020536.517:ERROR:print_preview_handler.cc(590)] Initiated PrintPreviewHandler::HandleGetPrinterCapabilities()
Sep 27, 2021 02:05:36.635 [2592:10192:0927/020536.634:ERROR:print_preview_handler.cc(622)] Initiated PrintPreviewHandler::HandleGetPreview()
Sep 27, 2021 02:05:45.82 [2592:10192:0927/020545.082:ERROR:print_preview_handler.cc(868)] Initiated PrintPreviewHandler::HandleGetInitialSettings()
Sep 27, 2021 02:05:45.104 [2592:10192:0927/020545.104:ERROR:print_preview_handler.cc(557)] Initiated PrintPreviewHandler::HandleGetPrinters()
Sep 27, 2021 02:05:45.119 [2592:10192:0927/020545.119:ERROR:print_preview_handler.cc(590)] Initiated PrintPreviewHandler::HandleGetPrinterCapabilities()
Sep 27, 2021 02:05:45.229 [2592:10192:0927/020545.229:ERROR:print_preview_handler.cc(622)] Initiated PrintPreviewHandler::HandleGetPreview()
Sep 27, 2021 02:06:37.610 [2592:4500:0927/020637.610:ERROR:database.cc(1674)] Passwords SQLite error: code 2067 errno 0: UNIQUE constraint failed: logins.origin_url, logins.username_element, logins.username_value, logins.password_element, logins.signon_realm sql: INSERT INTO logins (origin_url, action_url, username_element, username_value, password_element, password_value, submit_element, signon_realm, date_created, blacklisted_by_user, scheme, password_type, times_used, form_data, date_synced, display_name, icon_url, federation_url, skip_zero_click, generation_upload_status, possible_username_pairs, id, date_last_used, moving_blocked_for) VALUES (?,?,?,?,?,?,?,?,?,?,?,?,?,?,?,?,?,?,?,?,?,?,?,?)
Sep 27, 2021 02:07:58.514 [2592:4500:0927/020758.513:ERROR:database.cc(1674)] Passwords SQLite error: code 2067 errno 0: UNIQUE constraint failed: logins.origin_url, logins.username_element, logins.username_value, logins.password_element, logins.signon_realm sql: INSERT INTO logins (origin_url, action_url, username_element, username_value, password_element, password_value, submit_element, signon_realm, date_created, blacklisted_by_user, scheme, password_type, times_used, form_data, date_synced, display_name, icon_url, federation_url, skip_zero_click, generation_upload_status, possible_username_pairs, id, date_last_used, moving_blocked_for) VALUES (?,?,?,?,?,?,?,?,?,?,?,?,?,?,?,?,?,?,?,?,?,?,?,?)
Sep 27, 2021 02:39:00.352 [2592:10192:0927/023900.351:ERROR:print_preview_handler.cc(868)] Initiated PrintPreviewHandler::HandleGetInitialSettings()
Sep 27, 2021 02:39:00.376 [2592:10192:0927/023900.375:ERROR:print_preview_handler.cc(557)] Initiated PrintPreviewHandler::HandleGetPrinters()
Sep 27, 2021 02:39:00.392 [2592:10192:0927/023900.391:ERROR:print_preview_handler.cc(590)] Initiated PrintPreviewHandler::HandleGetPrinterCapabilities()
Sep 27, 2021 02:39:00.512 [2592:10192:0927/023900.512:ERROR:print_preview_handler.cc(622)] Initiated PrintPreviewHandler::HandleGetPreview()
Sep 27, 2021 02:39:42.39 [2592:5188:0927/023942.039:ERROR:database.cc(1674)] Passwords SQLite error: code 2067 errno 0: UNIQUE constraint failed: logins.origin_url, logins.username_element, logins.username_value, logins.password_element, logins.signon_realm sql: INSERT INTO logins (origin_url, action_url, username_element, username_value, password_element, password_value, submit_element, signon_realm, date_created, blacklisted_by_user, scheme, password_type, times_used, form_data, date_synced, display_name, icon_url, federation_url, skip_zero_click, generation_upload_status, possible_username_pairs, id, date_last_used, moving_blocked_for) VALUES (?,?,?,?,?,?,?,?,?,?,?,?,?,?,?,?,?,?,?,?,?,?,?,?)
Sep 27, 2021 02:43:42.788 [2592:12936:0927/024342.787:ERROR:database.cc(1674)] Passwords SQLite error: code 2067 errno 0: UNIQUE constraint failed: logins.origin_url, logins.username_element, logins.username_value, logins.password_element, logins.signon_realm sql: INSERT INTO logins (origin_url, action_url, username_element, username_value, password_element, password_value, submit_element, signon_realm, date_created, blacklisted_by_user, scheme, password_type, times_used, form_data, date_synced, display_name, icon_url, federation_url, skip_zero_click, generation_upload_status, possible_username_pairs, id, date_last_used, moving_blocked_for) VALUES (?,?,?,?,?,?,?,?,?,?,?,?,?,?,?,?,?,?,?,?,?,?,?,?)
Sep 27, 2021 03:08:25.74 [2592:10192:0927/030825.074:ERROR:print_preview_handler.cc(868)] Initiated PrintPreviewHandler::HandleGetInitialSettings()
Sep 27, 2021 03:08:25.99 [2592:10192:0927/030825.099:ERROR:print_preview_handler.cc(557)] Initiated PrintPreviewHandler::HandleGetPrinters()
Sep 27, 2021 03:08:25.113 [2592:10192:0927/030825.113:ERROR:print_preview_handler.cc(590)] Initiated PrintPreviewHandler::HandleGetPrinterCapabilities()
Sep 27, 2021 03:08:25.232 [2592:10192:0927/030825.232:ERROR:print_preview_handler.cc(622)] Initiated PrintPreviewHandler::HandleGetPreview()

Sep 28, 2021 10:35:15.341 NEW SESSION
Sep 28, 2021 10:35:15.341 [7268:5888:0928/103515.339:ERROR:chrome_browser_main_extra_parts_metrics.cc(228)] crbug.com/1216328: Checking Bluetooth availability started. Please report if there is no report that this ends.
Sep 28, 2021 10:35:15.374 [7268:5888:0928/103515.339:ERROR:chrome_browser_main_extra_parts_metrics.cc(231)] crbug.com/1216328: Checking Bluetooth availability ended.
Sep 28, 2021 10:35:15.375 [7268:5888:0928/103515.339:ERROR:chrome_browser_main_extra_parts_metrics.cc(234)] crbug.com/1216328: Checking default browser status started. Please report if there is no report that this ends.
Sep 28, 2021 10:35:15.375 [7268:5888:0928/103515.341:ERROR:chrome_browser_main_extra_parts_metrics.cc(238)] crbug.com/1216328: Checking default browser status ended.
Sep 28, 2021 10:35:15.385 [7268:9032:0928/103515.345:ERROR:device_event_log_impl.cc(214)] [10:35:15.345] USB: usb_device_handle_win.cc:1048 Failed to read descriptor from node connection: A device attached to the system is not functioning. (0x1F)
Sep 28, 2021 10:35:15.459 [7268:2880:0928/103515.459:ERROR:connection_factory_impl.cc(429)] Failed to connect to MCS endpoint with error -105
Sep 28, 2021 10:35:15.460 [7268:2880:0928/103515.459:ERROR:registration_request.cc(247)] Registration URL fetching failed.
Sep 28, 2021 10:35:15.460 [7268:2880:0928/103515.460:ERROR:registration_request.cc(247)] Registration URL fetching failed.
